CRITICAL - 2025-08-08 12:34:04 --> CodeIgniter\View\Exceptions\ViewException: Invalid file: "ToolsBrandModel.php"
in SYSTEMPATH\Exceptions\FrameworkException.php on line 39.
 1 SYSTEMPATH\View\View.php(216): CodeIgniter\Exceptions\FrameworkException::forInvalidFile('ToolsBrandModel.php')
 2 SYSTEMPATH\Common.php(1178): CodeIgniter\View\View->render('ToolsBrandModel', [], true)
 3 APPPATH\Controllers\BaseAction.php(28): view('ToolsBrandModel')
 4 SYSTEMPATH\CodeIgniter.php(941): App\Controllers\BaseAction->toolsBrand()
 5 SYSTEMPATH\CodeIgniter.php(502): CodeIgniter\CodeIgniter->runController(Object(App\Controllers\BaseAction))
 6 SYSTEMPATH\CodeIgniter.php(361): CodeIgniter\CodeIgniter->handleRequest(null, Object(Config\Cache), false)
 7 FCPATH\index.php(79): CodeIgniter\CodeIgniter->run()
CRITICAL - 2025-08-08 12:34:34 --> CodeIgniter\View\Exceptions\ViewException: Invalid file: "ToolsBrandModel.php"
in SYSTEMPATH\Exceptions\FrameworkException.php on line 39.
 1 SYSTEMPATH\View\View.php(216): CodeIgniter\Exceptions\FrameworkException::forInvalidFile('ToolsBrandModel.php')
 2 SYSTEMPATH\Common.php(1178): CodeIgniter\View\View->render('ToolsBrandModel', [], true)
 3 APPPATH\Controllers\BaseAction.php(28): view('ToolsBrandModel')
 4 SYSTEMPATH\CodeIgniter.php(941): App\Controllers\BaseAction->toolsBrand()
 5 SYSTEMPATH\CodeIgniter.php(502): CodeIgniter\CodeIgniter->runController(Object(App\Controllers\BaseAction))
 6 SYSTEMPATH\CodeIgniter.php(361): CodeIgniter\CodeIgniter->handleRequest(null, Object(Config\Cache), false)
 7 FCPATH\index.php(79): CodeIgniter\CodeIgniter->run()
CRITICAL - 2025-08-08 12:34:35 --> CodeIgniter\View\Exceptions\ViewException: Invalid file: "ToolsBrandModel.php"
in SYSTEMPATH\Exceptions\FrameworkException.php on line 39.
 1 SYSTEMPATH\View\View.php(216): CodeIgniter\Exceptions\FrameworkException::forInvalidFile('ToolsBrandModel.php')
 2 SYSTEMPATH\Common.php(1178): CodeIgniter\View\View->render('ToolsBrandModel', [], true)
 3 APPPATH\Controllers\BaseAction.php(28): view('ToolsBrandModel')
 4 SYSTEMPATH\CodeIgniter.php(941): App\Controllers\BaseAction->toolsBrand()
 5 SYSTEMPATH\CodeIgniter.php(502): CodeIgniter\CodeIgniter->runController(Object(App\Controllers\BaseAction))
 6 SYSTEMPATH\CodeIgniter.php(361): CodeIgniter\CodeIgniter->handleRequest(null, Object(Config\Cache), false)
 7 FCPATH\index.php(79): CodeIgniter\CodeIgniter->run()
CRITICAL - 2025-08-08 12:34:35 --> CodeIgniter\View\Exceptions\ViewException: Invalid file: "ToolsBrandModel.php"
in SYSTEMPATH\Exceptions\FrameworkException.php on line 39.
 1 SYSTEMPATH\View\View.php(216): CodeIgniter\Exceptions\FrameworkException::forInvalidFile('ToolsBrandModel.php')
 2 SYSTEMPATH\Common.php(1178): CodeIgniter\View\View->render('ToolsBrandModel', [], true)
 3 APPPATH\Controllers\BaseAction.php(28): view('ToolsBrandModel')
 4 SYSTEMPATH\CodeIgniter.php(941): App\Controllers\BaseAction->toolsBrand()
 5 SYSTEMPATH\CodeIgniter.php(502): CodeIgniter\CodeIgniter->runController(Object(App\Controllers\BaseAction))
 6 SYSTEMPATH\CodeIgniter.php(361): CodeIgniter\CodeIgniter->handleRequest(null, Object(Config\Cache), false)
 7 FCPATH\index.php(79): CodeIgniter\CodeIgniter->run()
