CRITICAL - 2025-08-18 09:47:10 --> CodeIgniter\View\Exceptions\ViewException: Invalid file: "orderss.php"
in SYSTEMPATH\Exceptions\FrameworkException.php on line 39.
 1 SYSTEMPATH\View\View.php(216): CodeIgniter\Exceptions\FrameworkException::forInvalidFile('orderss.php')
 2 SYSTEMPATH\Common.php(1178): CodeIgniter\View\View->render('orderss', [], true)
 3 APPPATH\Controllers\BaseAction.php(54): view('orderss')
 4 SYSTEMPATH\CodeIgniter.php(941): App\Controllers\BaseAction->orders()
 5 SYSTEMPATH\CodeIgniter.php(502): CodeIgniter\CodeIgniter->runController(Object(App\Controllers\BaseAction))
 6 SYSTEMPATH\CodeIgniter.php(361): CodeIgniter\CodeIgniter->handleRequest(null, Object(Config\Cache), false)
 7 FCPATH\index.php(79): CodeIgniter\CodeIgniter->run()
CRITICAL - 2025-08-18 09:51:05 --> Error: Class "App\Models\OrdersModel" not found
in APPPATH\Controllers\Workflow_Orders.php on line 24.
 1 SYSTEMPATH\CodeIgniter.php(941): App\Controllers\Workflow_Orders->getOrders()
 2 SYSTEMPATH\CodeIgniter.php(502): CodeIgniter\CodeIgniter->runController(Object(App\Controllers\Workflow_Orders))
 3 SYSTEMPATH\CodeIgniter.php(361): CodeIgniter\CodeIgniter->handleRequest(null, Object(Config\Cache), false)
 4 FCPATH\index.php(79): CodeIgniter\CodeIgniter->run()
CRITICAL - 2025-08-18 09:51:15 --> Error: Class "App\Models\OrdersModel" not found
in APPPATH\Controllers\Workflow_Orders.php on line 24.
 1 SYSTEMPATH\CodeIgniter.php(941): App\Controllers\Workflow_Orders->getOrders()
 2 SYSTEMPATH\CodeIgniter.php(502): CodeIgniter\CodeIgniter->runController(Object(App\Controllers\Workflow_Orders))
 3 SYSTEMPATH\CodeIgniter.php(361): CodeIgniter\CodeIgniter->handleRequest(null, Object(Config\Cache), false)
 4 FCPATH\index.php(79): CodeIgniter\CodeIgniter->run()
CRITICAL - 2025-08-18 09:52:37 --> Error: Class "App\Models\OrdersModel" not found
in APPPATH\Controllers\Workflow_Orders.php on line 24.
 1 SYSTEMPATH\CodeIgniter.php(941): App\Controllers\Workflow_Orders->getOrders()
 2 SYSTEMPATH\CodeIgniter.php(502): CodeIgniter\CodeIgniter->runController(Object(App\Controllers\Workflow_Orders))
 3 SYSTEMPATH\CodeIgniter.php(361): CodeIgniter\CodeIgniter->handleRequest(null, Object(Config\Cache), false)
 4 FCPATH\index.php(79): CodeIgniter\CodeIgniter->run()
CRITICAL - 2025-08-18 09:54:27 --> Error: Class "App\Models\OrdersModel" not found
in APPPATH\Controllers\Workflow_Orders.php on line 24.
 1 SYSTEMPATH\CodeIgniter.php(941): App\Controllers\Workflow_Orders->getOrders()
 2 SYSTEMPATH\CodeIgniter.php(502): CodeIgniter\CodeIgniter->runController(Object(App\Controllers\Workflow_Orders))
 3 SYSTEMPATH\CodeIgniter.php(361): CodeIgniter\CodeIgniter->handleRequest(null, Object(Config\Cache), false)
 4 FCPATH\index.php(79): CodeIgniter\CodeIgniter->run()
CRITICAL - 2025-08-18 09:56:41 --> Error: Class "App\Models\OrdersModel" not found
in APPPATH\Controllers\Workflow_Orders.php on line 24.
 1 SYSTEMPATH\CodeIgniter.php(941): App\Controllers\Workflow_Orders->getOrders()
 2 SYSTEMPATH\CodeIgniter.php(502): CodeIgniter\CodeIgniter->runController(Object(App\Controllers\Workflow_Orders))
 3 SYSTEMPATH\CodeIgniter.php(361): CodeIgniter\CodeIgniter->handleRequest(null, Object(Config\Cache), false)
 4 FCPATH\index.php(79): CodeIgniter\CodeIgniter->run()
CRITICAL - 2025-08-18 09:56:46 --> Error: Class "App\Models\OrdersModel" not found
in APPPATH\Controllers\Workflow_Orders.php on line 24.
 1 SYSTEMPATH\CodeIgniter.php(941): App\Controllers\Workflow_Orders->getOrders()
 2 SYSTEMPATH\CodeIgniter.php(502): CodeIgniter\CodeIgniter->runController(Object(App\Controllers\Workflow_Orders))
 3 SYSTEMPATH\CodeIgniter.php(361): CodeIgniter\CodeIgniter->handleRequest(null, Object(Config\Cache), false)
 4 FCPATH\index.php(79): CodeIgniter\CodeIgniter->run()
CRITICAL - 2025-08-18 09:56:53 --> Error: Class "App\Models\OrdersModel" not found
in APPPATH\Controllers\Workflow_Orders.php on line 24.
 1 SYSTEMPATH\CodeIgniter.php(941): App\Controllers\Workflow_Orders->getOrders()
 2 SYSTEMPATH\CodeIgniter.php(502): CodeIgniter\CodeIgniter->runController(Object(App\Controllers\Workflow_Orders))
 3 SYSTEMPATH\CodeIgniter.php(361): CodeIgniter\CodeIgniter->handleRequest(null, Object(Config\Cache), false)
 4 FCPATH\index.php(79): CodeIgniter\CodeIgniter->run()
CRITICAL - 2025-08-18 09:56:53 --> Error: Class "App\Models\OrdersModel" not found
in APPPATH\Controllers\Workflow_Orders.php on line 24.
 1 SYSTEMPATH\CodeIgniter.php(941): App\Controllers\Workflow_Orders->getOrders()
 2 SYSTEMPATH\CodeIgniter.php(502): CodeIgniter\CodeIgniter->runController(Object(App\Controllers\Workflow_Orders))
 3 SYSTEMPATH\CodeIgniter.php(361): CodeIgniter\CodeIgniter->handleRequest(null, Object(Config\Cache), false)
 4 FCPATH\index.php(79): CodeIgniter\CodeIgniter->run()
CRITICAL - 2025-08-18 09:56:55 --> Error: Class "App\Models\OrdersModel" not found
in APPPATH\Controllers\Workflow_Orders.php on line 24.
 1 SYSTEMPATH\CodeIgniter.php(941): App\Controllers\Workflow_Orders->getOrders()
 2 SYSTEMPATH\CodeIgniter.php(502): CodeIgniter\CodeIgniter->runController(Object(App\Controllers\Workflow_Orders))
 3 SYSTEMPATH\CodeIgniter.php(361): CodeIgniter\CodeIgniter->handleRequest(null, Object(Config\Cache), false)
 4 FCPATH\index.php(79): CodeIgniter\CodeIgniter->run()
CRITICAL - 2025-08-18 09:59:41 --> Error: Class "App\Models\OrdersModel" not found
in APPPATH\Controllers\Workflow_Orders.php on line 25.
 1 SYSTEMPATH\CodeIgniter.php(941): App\Controllers\Workflow_Orders->getOrders()
 2 SYSTEMPATH\CodeIgniter.php(502): CodeIgniter\CodeIgniter->runController(Object(App\Controllers\Workflow_Orders))
 3 SYSTEMPATH\CodeIgniter.php(361): CodeIgniter\CodeIgniter->handleRequest(null, Object(Config\Cache), false)
 4 FCPATH\index.php(79): CodeIgniter\CodeIgniter->run()
CRITICAL - 2025-08-18 09:59:59 --> Error: Class "App\Models\OrdersModel" not found
in APPPATH\Controllers\Workflow_Orders.php on line 25.
 1 SYSTEMPATH\CodeIgniter.php(941): App\Controllers\Workflow_Orders->getOrders()
 2 SYSTEMPATH\CodeIgniter.php(502): CodeIgniter\CodeIgniter->runController(Object(App\Controllers\Workflow_Orders))
 3 SYSTEMPATH\CodeIgniter.php(361): CodeIgniter\CodeIgniter->handleRequest(null, Object(Config\Cache), false)
 4 FCPATH\index.php(79): CodeIgniter\CodeIgniter->run()
CRITICAL - 2025-08-18 10:03:02 --> Error: Class "App\Models\OrdersModel" not found
in APPPATH\Controllers\Workflow_Orders.php on line 27.
 1 SYSTEMPATH\CodeIgniter.php(941): App\Controllers\Workflow_Orders->getOrders()
 2 SYSTEMPATH\CodeIgniter.php(502): CodeIgniter\CodeIgniter->runController(Object(App\Controllers\Workflow_Orders))
 3 SYSTEMPATH\CodeIgniter.php(361): CodeIgniter\CodeIgniter->handleRequest(null, Object(Config\Cache), false)
 4 FCPATH\index.php(79): CodeIgniter\CodeIgniter->run()
CRITICAL - 2025-08-18 10:05:00 --> Error: Class "App\Models\OrdersModel" not found
in APPPATH\Controllers\Workflow_Orders.php on line 27.
 1 SYSTEMPATH\CodeIgniter.php(941): App\Controllers\Workflow_Orders->getOrders()
 2 SYSTEMPATH\CodeIgniter.php(502): CodeIgniter\CodeIgniter->runController(Object(App\Controllers\Workflow_Orders))
 3 SYSTEMPATH\CodeIgniter.php(361): CodeIgniter\CodeIgniter->handleRequest(null, Object(Config\Cache), false)
 4 FCPATH\index.php(79): CodeIgniter\CodeIgniter->run()
CRITICAL - 2025-08-18 10:05:22 --> Error: Class "App\Models\OrdersModel" not found
in APPPATH\Controllers\Workflow_Orders.php on line 26.
 1 SYSTEMPATH\CodeIgniter.php(941): App\Controllers\Workflow_Orders->getOrders()
 2 SYSTEMPATH\CodeIgniter.php(502): CodeIgniter\CodeIgniter->runController(Object(App\Controllers\Workflow_Orders))
 3 SYSTEMPATH\CodeIgniter.php(361): CodeIgniter\CodeIgniter->handleRequest(null, Object(Config\Cache), false)
 4 FCPATH\index.php(79): CodeIgniter\CodeIgniter->run()
CRITICAL - 2025-08-18 10:05:26 --> Error: Class "App\Models\OrdersModel" not found
in APPPATH\Controllers\Workflow_Orders.php on line 26.
 1 SYSTEMPATH\CodeIgniter.php(941): App\Controllers\Workflow_Orders->getOrders()
 2 SYSTEMPATH\CodeIgniter.php(502): CodeIgniter\CodeIgniter->runController(Object(App\Controllers\Workflow_Orders))
 3 SYSTEMPATH\CodeIgniter.php(361): CodeIgniter\CodeIgniter->handleRequest(null, Object(Config\Cache), false)
 4 FCPATH\index.php(79): CodeIgniter\CodeIgniter->run()
CRITICAL - 2025-08-18 10:05:45 --> Error: Class "App\Models\OrdersModel" not found
in APPPATH\Controllers\Workflow_Orders.php on line 26.
 1 SYSTEMPATH\CodeIgniter.php(941): App\Controllers\Workflow_Orders->getOrders()
 2 SYSTEMPATH\CodeIgniter.php(502): CodeIgniter\CodeIgniter->runController(Object(App\Controllers\Workflow_Orders))
 3 SYSTEMPATH\CodeIgniter.php(361): CodeIgniter\CodeIgniter->handleRequest(null, Object(Config\Cache), false)
 4 FCPATH\index.php(79): CodeIgniter\CodeIgniter->run()
CRITICAL - 2025-08-18 10:07:36 --> Error: Class "App\Models\OrdersModel" not found
in APPPATH\Controllers\Workflow_Orders.php on line 25.
 1 SYSTEMPATH\CodeIgniter.php(941): App\Controllers\Workflow_Orders->getOrders()
 2 SYSTEMPATH\CodeIgniter.php(502): CodeIgniter\CodeIgniter->runController(Object(App\Controllers\Workflow_Orders))
 3 SYSTEMPATH\CodeIgniter.php(361): CodeIgniter\CodeIgniter->handleRequest(null, Object(Config\Cache), false)
 4 FCPATH\index.php(79): CodeIgniter\CodeIgniter->run()
ERROR - 2025-08-18 10:57:27 --> mysqli_sql_exception: Unknown column 'id' in 'where clause' in C:\xampp\htdocs\projects\codeigniter\jaquar_admin\system\Database\MySQLi\Connection.php:306
Stack trace:
#0 C:\xampp\htdocs\projects\codeigniter\jaquar_admin\system\Database\MySQLi\Connection.php(306): mysqli->query('UPDATE `orders_...', 0)
#1 C:\xampp\htdocs\projects\codeigniter\jaquar_admin\system\Database\BaseConnection.php(693): CodeIgniter\Database\MySQLi\Connection->execute('UPDATE `orders_...')
#2 C:\xampp\htdocs\projects\codeigniter\jaquar_admin\system\Database\BaseConnection.php(607): CodeIgniter\Database\BaseConnection->simpleQuery('UPDATE `orders_...')
#3 C:\xampp\htdocs\projects\codeigniter\jaquar_admin\system\Database\BaseBuilder.php(2474): CodeIgniter\Database\BaseConnection->query('UPDATE `orders_...', Array, false)
#4 C:\xampp\htdocs\projects\codeigniter\jaquar_admin\system\Model.php(393): CodeIgniter\Database\BaseBuilder->update()
#5 C:\xampp\htdocs\projects\codeigniter\jaquar_admin\system\BaseModel.php(987): CodeIgniter\Model->doUpdate(NULL, Array)
#6 C:\xampp\htdocs\projects\codeigniter\jaquar_admin\system\Model.php(807): CodeIgniter\BaseModel->update(NULL, Array)
#7 C:\xampp\htdocs\projects\codeigniter\jaquar_admin\app\Controllers\Workflow_Orders.php(146): CodeIgniter\Model->update()
#8 C:\xampp\htdocs\projects\codeigniter\jaquar_admin\system\CodeIgniter.php(941): App\Controllers\Workflow_Orders->deleteOrders()
#9 C:\xampp\htdocs\projects\codeigniter\jaquar_admin\system\CodeIgniter.php(502): CodeIgniter\CodeIgniter->runController(Object(App\Controllers\Workflow_Orders))
#10 C:\xampp\htdocs\projects\codeigniter\jaquar_admin\system\CodeIgniter.php(361): CodeIgniter\CodeIgniter->handleRequest(NULL, Object(Config\Cache), false)
#11 C:\xampp\htdocs\projects\codeigniter\jaquar_admin\index.php(79): CodeIgniter\CodeIgniter->run()
#12 {main}
CRITICAL - 2025-08-18 10:57:27 --> CodeIgniter\Database\Exceptions\DatabaseException: Unknown column 'id' in 'where clause'
in SYSTEMPATH\Database\BaseConnection.php on line 647.
 1 SYSTEMPATH\Database\BaseBuilder.php(2474): CodeIgniter\Database\BaseConnection->query('UPDATE `orders_tbl` SET `flag` = :flag:
WHERE `id` = :id:', [...], false)
 2 SYSTEMPATH\Model.php(393): CodeIgniter\Database\BaseBuilder->update()
 3 SYSTEMPATH\BaseModel.php(987): CodeIgniter\Model->doUpdate(null, [...])
 4 SYSTEMPATH\Model.php(807): CodeIgniter\BaseModel->update(null, [...])
 5 APPPATH\Controllers\Workflow_Orders.php(146): CodeIgniter\Model->update()
 6 SYSTEMPATH\CodeIgniter.php(941): App\Controllers\Workflow_Orders->deleteOrders()
 7 SYSTEMPATH\CodeIgniter.php(502): CodeIgniter\CodeIgniter->runController(Object(App\Controllers\Workflow_Orders))
 8 SYSTEMPATH\CodeIgniter.php(361): CodeIgniter\CodeIgniter->handleRequest(null, Object(Config\Cache), false)
 9 FCPATH\index.php(79): CodeIgniter\CodeIgniter->run()
CRITICAL - 2025-08-18 10:57:27 --> [Caused by] CodeIgniter\Database\Exceptions\DatabaseException: Unknown column 'id' in 'where clause'
in SYSTEMPATH\Database\MySQLi\Connection.php on line 311.
 1 SYSTEMPATH\Database\BaseConnection.php(693): CodeIgniter\Database\MySQLi\Connection->execute('UPDATE `orders_tbl` SET `flag` = 0
WHERE `id` = \'2\'')
 2 SYSTEMPATH\Database\BaseConnection.php(607): CodeIgniter\Database\BaseConnection->simpleQuery('UPDATE `orders_tbl` SET `flag` = 0
WHERE `id` = \'2\'')
 3 SYSTEMPATH\Database\BaseBuilder.php(2474): CodeIgniter\Database\BaseConnection->query('UPDATE `orders_tbl` SET `flag` = :flag:
WHERE `id` = :id:', [...], false)
 4 SYSTEMPATH\Model.php(393): CodeIgniter\Database\BaseBuilder->update()
 5 SYSTEMPATH\BaseModel.php(987): CodeIgniter\Model->doUpdate(null, [...])
 6 SYSTEMPATH\Model.php(807): CodeIgniter\BaseModel->update(null, [...])
 7 APPPATH\Controllers\Workflow_Orders.php(146): CodeIgniter\Model->update()
 8 SYSTEMPATH\CodeIgniter.php(941): App\Controllers\Workflow_Orders->deleteOrders()
 9 SYSTEMPATH\CodeIgniter.php(502): CodeIgniter\CodeIgniter->runController(Object(App\Controllers\Workflow_Orders))
10 SYSTEMPATH\CodeIgniter.php(361): CodeIgniter\CodeIgniter->handleRequest(null, Object(Config\Cache), false)
11 FCPATH\index.php(79): CodeIgniter\CodeIgniter->run()
CRITICAL - 2025-08-18 10:57:27 --> [Caused by] mysqli_sql_exception: Unknown column 'id' in 'where clause'
in SYSTEMPATH\Database\MySQLi\Connection.php on line 306.
 1 SYSTEMPATH\Database\MySQLi\Connection.php(306): mysqli->query('UPDATE `orders_tbl` SET `flag` = 0
WHERE `id` = \'2\'', 0)
 2 SYSTEMPATH\Database\BaseConnection.php(693): CodeIgniter\Database\MySQLi\Connection->execute('UPDATE `orders_tbl` SET `flag` = 0
WHERE `id` = \'2\'')
 3 SYSTEMPATH\Database\BaseConnection.php(607): CodeIgniter\Database\BaseConnection->simpleQuery('UPDATE `orders_tbl` SET `flag` = 0
WHERE `id` = \'2\'')
 4 SYSTEMPATH\Database\BaseBuilder.php(2474): CodeIgniter\Database\BaseConnection->query('UPDATE `orders_tbl` SET `flag` = :flag:
WHERE `id` = :id:', [...], false)
 5 SYSTEMPATH\Model.php(393): CodeIgniter\Database\BaseBuilder->update()
 6 SYSTEMPATH\BaseModel.php(987): CodeIgniter\Model->doUpdate(null, [...])
 7 SYSTEMPATH\Model.php(807): CodeIgniter\BaseModel->update(null, [...])
 8 APPPATH\Controllers\Workflow_Orders.php(146): CodeIgniter\Model->update()
 9 SYSTEMPATH\CodeIgniter.php(941): App\Controllers\Workflow_Orders->deleteOrders()
10 SYSTEMPATH\CodeIgniter.php(502): CodeIgniter\CodeIgniter->runController(Object(App\Controllers\Workflow_Orders))
11 SYSTEMPATH\CodeIgniter.php(361): CodeIgniter\CodeIgniter->handleRequest(null, Object(Config\Cache), false)
12 FCPATH\index.php(79): CodeIgniter\CodeIgniter->run()
